0 info it worked if it ends with ok
1 verbose cli [ 'C:\\Program Files\\nodejs\\\\node.exe',
1 verbose cli   'C:\\Program Files\\nodejs\\node_modules\\npm\\bin\\npm-cli.js',
1 verbose cli   'publish' ]
2 info using npm@1.3.24
3 info using node@v0.10.24
4 verbose node symlink C:\Program Files\nodejs\\node.exe
5 verbose publish [ '.' ]
6 verbose cache add [ '.', null ]
7 verbose cache add name=undefined spec="." args=[".",null]
8 verbose parsed url { protocol: null,
8 verbose parsed url   slashes: null,
8 verbose parsed url   auth: null,
8 verbose parsed url   host: null,
8 verbose parsed url   port: null,
8 verbose parsed url   hostname: null,
8 verbose parsed url   hash: null,
8 verbose parsed url   search: null,
8 verbose parsed url   query: null,
8 verbose parsed url   pathname: '.',
8 verbose parsed url   path: '.',
8 verbose parsed url   href: '.' }
9 silly lockFile 3a52ce78- .
10 verbose lock . C:\Users\Martin\AppData\Roaming\npm-cache\3a52ce78-.lock
11 verbose tar pack [ 'C:\\Users\\Martin\\AppData\\Local\\Temp\\npm-6668-x6-fMfSy\\1390926886155-0.6543299318291247\\tmp.tgz',
11 verbose tar pack   '.' ]
12 verbose tarball C:\Users\Martin\AppData\Local\Temp\npm-6668-x6-fMfSy\1390926886155-0.6543299318291247\tmp.tgz
13 verbose folder .
14 info prepublish geena@0.0.8-p6
15 silly lockFile 1f1177db-tar tar://.
16 verbose lock tar://. C:\Users\Martin\AppData\Roaming\npm-cache\1f1177db-tar.lock
17 silly lockFile aae3bbac-86155-0-6543299318291247-tmp-tgz tar://C:\Users\Martin\AppData\Local\Temp\npm-6668-x6-fMfSy\1390926886155-0.6543299318291247\tmp.tgz
18 verbose lock tar://C:\Users\Martin\AppData\Local\Temp\npm-6668-x6-fMfSy\1390926886155-0.6543299318291247\tmp.tgz C:\Users\Martin\AppData\Roaming\npm-cache\aae3bbac-86155-0-6543299318291247-tmp-tgz.lock
19 silly lockFile 1f1177db-tar tar://.
20 silly lockFile 1f1177db-tar tar://.
21 silly lockFile aae3bbac-86155-0-6543299318291247-tmp-tgz tar://C:\Users\Martin\AppData\Local\Temp\npm-6668-x6-fMfSy\1390926886155-0.6543299318291247\tmp.tgz
22 silly lockFile aae3bbac-86155-0-6543299318291247-tmp-tgz tar://C:\Users\Martin\AppData\Local\Temp\npm-6668-x6-fMfSy\1390926886155-0.6543299318291247\tmp.tgz
23 verbose tar unpack C:\Users\Martin\AppData\Local\Temp\npm-6668-x6-fMfSy\1390926886155-0.6543299318291247\tmp.tgz
24 silly lockFile b7a55542-86155-0-6543299318291247-package tar://C:\Users\Martin\AppData\Local\Temp\npm-6668-x6-fMfSy\1390926886155-0.6543299318291247\package
25 verbose lock tar://C:\Users\Martin\AppData\Local\Temp\npm-6668-x6-fMfSy\1390926886155-0.6543299318291247\package C:\Users\Martin\AppData\Roaming\npm-cache\b7a55542-86155-0-6543299318291247-package.lock
26 silly lockFile aae3bbac-86155-0-6543299318291247-tmp-tgz tar://C:\Users\Martin\AppData\Local\Temp\npm-6668-x6-fMfSy\1390926886155-0.6543299318291247\tmp.tgz
27 verbose lock tar://C:\Users\Martin\AppData\Local\Temp\npm-6668-x6-fMfSy\1390926886155-0.6543299318291247\tmp.tgz C:\Users\Martin\AppData\Roaming\npm-cache\aae3bbac-86155-0-6543299318291247-tmp-tgz.lock
28 silly gunzTarPerm modes [ '755', '644' ]
29 silly gunzTarPerm extractEntry package.json
30 silly gunzTarPerm modified mode [ 'package.json', 438, 420 ]
31 silly gunzTarPerm extractEntry .npmignore
32 silly gunzTarPerm modified mode [ '.npmignore', 438, 420 ]
33 silly gunzTarPerm extractEntry README.md
34 silly gunzTarPerm modified mode [ 'README.md', 438, 420 ]
35 silly gunzTarPerm extractEntry LICENSE
36 silly gunzTarPerm modified mode [ 'LICENSE', 438, 420 ]
37 silly gunzTarPerm extractEntry .gitmodules
38 silly gunzTarPerm modified mode [ '.gitmodules', 438, 420 ]
39 silly gunzTarPerm extractEntry script/post_install.js
40 silly gunzTarPerm modified mode [ 'script/post_install.js', 438, 420 ]
41 silly gunzTarPerm extractEntry script/pre_publish.js
42 silly gunzTarPerm modified mode [ 'script/pre_publish.js', 438, 420 ]
43 silly gunzTarPerm extractEntry AUTHORS
44 silly gunzTarPerm modified mode [ 'AUTHORS', 438, 420 ]
45 silly gunzTarPerm extractEntry core/config.js
46 silly gunzTarPerm modified mode [ 'core/config.js', 438, 420 ]
47 silly gunzTarPerm extractEntry core/session.js
48 silly gunzTarPerm modified mode [ 'core/session.js', 438, 420 ]
49 silly gunzTarPerm extractEntry core/gna.js
50 silly gunzTarPerm modified mode [ 'core/gna.js', 438, 420 ]
51 silly gunzTarPerm extractEntry core/server.js
52 silly gunzTarPerm modified mode [ 'core/server.js', 438, 420 ]
53 silly gunzTarPerm extractEntry core/controller.js
54 silly gunzTarPerm modified mode [ 'core/controller.js', 438, 420 ]
55 silly gunzTarPerm extractEntry core/router.js
56 silly gunzTarPerm modified mode [ 'core/router.js', 438, 420 ]
57 silly gunzTarPerm extractEntry core/router.child.js
58 silly gunzTarPerm modified mode [ 'core/router.child.js', 438, 420 ]
59 silly gunzTarPerm extractEntry core/model/entity.js
60 silly gunzTarPerm modified mode [ 'core/model/entity.js', 438, 420 ]
61 silly gunzTarPerm extractEntry core/model/index.js
62 silly gunzTarPerm modified mode [ 'core/model/index.js', 438, 420 ]
63 silly gunzTarPerm extractEntry core/model/template/entityFactory.js
64 silly gunzTarPerm modified mode [ 'core/model/template/entityFactory.js', 438, 420 ]
65 silly gunzTarPerm extractEntry core/model/template/index.js
66 silly gunzTarPerm modified mode [ 'core/model/template/index.js', 438, 420 ]
67 silly gunzTarPerm extractEntry core/dev/index.js
68 silly gunzTarPerm modified mode [ 'core/dev/index.js', 438, 420 ]
69 silly gunzTarPerm extractEntry core/dev/lib/class.js
70 silly gunzTarPerm modified mode [ 'core/dev/lib/class.js', 438, 420 ]
71 silly gunzTarPerm extractEntry core/dev/lib/factory.js
72 silly gunzTarPerm modified mode [ 'core/dev/lib/factory.js', 438, 420 ]
73 silly gunzTarPerm extractEntry core/dev/lib/tools.js
74 silly gunzTarPerm modified mode [ 'core/dev/lib/tools.js', 438, 420 ]
75 silly gunzTarPerm extractEntry core/template/command/geena.bat.tpl
76 silly gunzTarPerm modified mode [ 'core/template/command/geena.bat.tpl', 438, 420 ]
77 silly gunzTarPerm extractEntry core/template/command/geena.tpl
78 silly gunzTarPerm modified mode [ 'core/template/command/geena.tpl', 438, 420 ]
79 silly gunzTarPerm extractEntry core/template/conf/env.json
80 silly gunzTarPerm modified mode [ 'core/template/conf/env.json', 438, 420 ]
81 silly gunzTarPerm extractEntry core/template/conf/project.json
82 silly gunzTarPerm modified mode [ 'core/template/conf/project.json', 438, 420 ]
83 silly gunzTarPerm extractEntry core/template/error/client/json/401.json
84 silly gunzTarPerm modified mode [ 'core/template/error/client/json/401.json', 438, 420 ]
85 silly gunzTarPerm extractEntry core/template/error/client/json/403.json
86 silly gunzTarPerm modified mode [ 'core/template/error/client/json/403.json', 438, 420 ]
87 silly gunzTarPerm extractEntry core/template/error/client/json/404.json
88 silly gunzTarPerm modified mode [ 'core/template/error/client/json/404.json', 438, 420 ]
89 silly gunzTarPerm extractEntry core/template/error/server/html/50x.html
90 silly gunzTarPerm modified mode [ 'core/template/error/server/html/50x.html', 438, 420 ]
91 silly gunzTarPerm extractEntry core/template/error/server/json/500.json
92 silly gunzTarPerm modified mode [ 'core/template/error/server/json/500.json', 438, 420 ]
93 silly gunzTarPerm extractEntry core/template/error/server/json/503.json
94 silly gunzTarPerm modified mode [ 'core/template/error/server/json/503.json', 438, 420 ]
95 silly gunzTarPerm extractEntry core/template/structure/bundle.app.json
96 silly gunzTarPerm modified mode [ 'core/template/structure/bundle.app.json', 438, 420 ]
97 silly gunzTarPerm extractEntry core/template/structure/bundle.blog.json
98 silly gunzTarPerm modified mode [ 'core/template/structure/bundle.blog.json', 438, 420 ]
99 silly gunzTarPerm extractEntry core/template/structure/bundle.ws.json
100 silly gunzTarPerm modified mode [ 'core/template/structure/bundle.ws.json', 438, 420 ]
101 silly gunzTarPerm extractEntry core/template/structure/folders.json
102 silly gunzTarPerm modified mode [ 'core/template/structure/folders.json', 438, 420 ]
103 silly gunzTarPerm extractEntry core/template/structure/project.json
104 silly gunzTarPerm modified mode [ 'core/template/structure/project.json', 438, 420 ]
105 silly gunzTarPerm extractEntry core/utils/index.js
106 silly gunzTarPerm modified mode [ 'core/utils/index.js', 438, 420 ]
107 silly gunzTarPerm extractEntry core/utils/lib/config.js
108 silly gunzTarPerm modified mode [ 'core/utils/lib/config.js', 438, 420 ]
109 silly gunzTarPerm extractEntry core/utils/lib/extend.js
110 silly gunzTarPerm modified mode [ 'core/utils/lib/extend.js', 438, 420 ]
111 silly gunzTarPerm extractEntry core/utils/lib/logger.js
112 silly gunzTarPerm modified mode [ 'core/utils/lib/logger.js', 438, 420 ]
113 silly gunzTarPerm extractEntry core/utils/lib/proc.js
114 silly gunzTarPerm modified mode [ 'core/utils/lib/proc.js', 438, 420 ]
115 silly gunzTarPerm extractEntry core/utils/lib/ssi.js
116 silly gunzTarPerm modified mode [ 'core/utils/lib/ssi.js', 438, 420 ]
117 silly gunzTarPerm extractEntry core/utils/lib/cmd/app.js
118 silly gunzTarPerm modified mode [ 'core/utils/lib/cmd/app.js', 438, 420 ]
119 silly gunzTarPerm extractEntry core/utils/lib/cmd/app.old.js
120 silly gunzTarPerm modified mode [ 'core/utils/lib/cmd/app.old.js', 438, 420 ]
121 silly gunzTarPerm extractEntry core/utils/lib/cmd/index.js
122 silly gunzTarPerm modified mode [ 'core/utils/lib/cmd/index.js', 438, 420 ]
123 silly gunzTarPerm extractEntry core/utils/lib/cmd/basic.js
124 silly gunzTarPerm modified mode [ 'core/utils/lib/cmd/basic.js', 438, 420 ]
125 silly gunzTarPerm extractEntry core/utils/lib/cmd/geena-add-bundle.js
126 silly gunzTarPerm modified mode [ 'core/utils/lib/cmd/geena-add-bundle.js', 438, 420 ]
127 silly gunzTarPerm extractEntry core/utils/lib/cmd/geena-build.js
128 silly gunzTarPerm modified mode [ 'core/utils/lib/cmd/geena-build.js', 438, 420 ]
129 silly gunzTarPerm extractEntry core/utils/lib/cmd/app.new.js
130 silly gunzTarPerm modified mode [ 'core/utils/lib/cmd/app.new.js', 438, 420 ]
131 silly gunzTarPerm extractEntry core/utils/lib/cmd/geena-init-project.js
132 silly gunzTarPerm modified mode [ 'core/utils/lib/cmd/geena-init-project.js', 438, 420 ]
133 silly gunzTarPerm extractEntry core/utils/lib/cmd/geena-start-bundle.js
134 silly gunzTarPerm modified mode [ 'core/utils/lib/cmd/geena-start-bundle.js', 438, 420 ]
135 silly gunzTarPerm extractEntry core/utils/lib/cmd/geena-start.js
136 silly gunzTarPerm modified mode [ 'core/utils/lib/cmd/geena-start.js', 438, 420 ]
137 silly gunzTarPerm extractEntry core/utils/lib/cmd/project.js
138 silly gunzTarPerm modified mode [ 'core/utils/lib/cmd/project.js', 438, 420 ]
139 silly gunzTarPerm extractEntry core/utils/lib/cmd/geena-clean.js
140 silly gunzTarPerm modified mode [ 'core/utils/lib/cmd/geena-clean.js', 438, 420 ]
141 silly gunzTarPerm extractEntry core/utils/lib/cmd/basic.help.txt
142 silly gunzTarPerm modified mode [ 'core/utils/lib/cmd/basic.help.txt', 438, 420 ]
143 silly gunzTarPerm extractEntry core/utils/lib/cmd/msg.json
144 silly gunzTarPerm modified mode [ 'core/utils/lib/cmd/msg.json', 438, 420 ]
145 silly gunzTarPerm extractEntry core/utils/lib/databases/databases.couchbase.js
146 silly gunzTarPerm modified mode [ 'core/utils/lib/databases/databases.couchbase.js', 438, 420 ]
147 silly gunzTarPerm extractEntry core/utils/lib/databases/databases.js
148 silly gunzTarPerm modified mode [ 'core/utils/lib/databases/databases.js', 438, 420 ]
149 silly gunzTarPerm extractEntry core/utils/lib/generator/index.js
150 silly gunzTarPerm modified mode [ 'core/utils/lib/generator/index.js', 438, 420 ]
151 silly gunzTarPerm extractEntry core/utils/lib/helpers/console.js
152 silly gunzTarPerm modified mode [ 'core/utils/lib/helpers/console.js', 438, 420 ]
153 silly gunzTarPerm extractEntry core/utils/lib/helpers/context.js
154 silly gunzTarPerm modified mode [ 'core/utils/lib/helpers/context.js', 438, 420 ]
155 silly gunzTarPerm extractEntry core/utils/lib/helpers/index.js
156 silly gunzTarPerm modified mode [ 'core/utils/lib/helpers/index.js', 438, 420 ]
157 silly gunzTarPerm extractEntry core/utils/lib/helpers/path.js
158 silly gunzTarPerm modified mode [ 'core/utils/lib/helpers/path.js', 438, 420 ]
159 silly gunzTarPerm extractEntry core/utils/lib/helpers/text.js
160 silly gunzTarPerm modified mode [ 'core/utils/lib/helpers/text.js', 438, 420 ]
161 silly gunzTarPerm extractEntry VERSION
162 silly gunzTarPerm modified mode [ 'VERSION', 438, 420 ]
163 silly lockFile b7a55542-86155-0-6543299318291247-package tar://C:\Users\Martin\AppData\Local\Temp\npm-6668-x6-fMfSy\1390926886155-0.6543299318291247\package
164 silly lockFile b7a55542-86155-0-6543299318291247-package tar://C:\Users\Martin\AppData\Local\Temp\npm-6668-x6-fMfSy\1390926886155-0.6543299318291247\package
165 silly lockFile aae3bbac-86155-0-6543299318291247-tmp-tgz tar://C:\Users\Martin\AppData\Local\Temp\npm-6668-x6-fMfSy\1390926886155-0.6543299318291247\tmp.tgz
166 silly lockFile aae3bbac-86155-0-6543299318291247-tmp-tgz tar://C:\Users\Martin\AppData\Local\Temp\npm-6668-x6-fMfSy\1390926886155-0.6543299318291247\tmp.tgz
167 verbose tar pack [ 'C:\\Users\\Martin\\AppData\\Roaming\\npm-cache\\geena\\0.0.8-p6\\package.tgz',
167 verbose tar pack   'C:\\Users\\Martin\\AppData\\Local\\Temp\\npm-6668-x6-fMfSy\\1390926886155-0.6543299318291247\\package' ]
168 verbose tarball C:\Users\Martin\AppData\Roaming\npm-cache\geena\0.0.8-p6\package.tgz
169 verbose folder C:\Users\Martin\AppData\Local\Temp\npm-6668-x6-fMfSy\1390926886155-0.6543299318291247\package
170 silly lockFile b7a55542-86155-0-6543299318291247-package tar://C:\Users\Martin\AppData\Local\Temp\npm-6668-x6-fMfSy\1390926886155-0.6543299318291247\package
171 verbose lock tar://C:\Users\Martin\AppData\Local\Temp\npm-6668-x6-fMfSy\1390926886155-0.6543299318291247\package C:\Users\Martin\AppData\Roaming\npm-cache\b7a55542-86155-0-6543299318291247-package.lock
172 silly lockFile 3b32e471-cache-geena-0-0-8-p6-package-tgz tar://C:\Users\Martin\AppData\Roaming\npm-cache\geena\0.0.8-p6\package.tgz
173 verbose lock tar://C:\Users\Martin\AppData\Roaming\npm-cache\geena\0.0.8-p6\package.tgz C:\Users\Martin\AppData\Roaming\npm-cache\3b32e471-cache-geena-0-0-8-p6-package-tgz.lock
174 silly lockFile b7a55542-86155-0-6543299318291247-package tar://C:\Users\Martin\AppData\Local\Temp\npm-6668-x6-fMfSy\1390926886155-0.6543299318291247\package
175 silly lockFile b7a55542-86155-0-6543299318291247-package tar://C:\Users\Martin\AppData\Local\Temp\npm-6668-x6-fMfSy\1390926886155-0.6543299318291247\package
176 silly lockFile 3b32e471-cache-geena-0-0-8-p6-package-tgz tar://C:\Users\Martin\AppData\Roaming\npm-cache\geena\0.0.8-p6\package.tgz
177 silly lockFile 3b32e471-cache-geena-0-0-8-p6-package-tgz tar://C:\Users\Martin\AppData\Roaming\npm-cache\geena\0.0.8-p6\package.tgz
178 silly lockFile 5ee893cc-npm-cache-geena-0-0-8-p6-package C:\Users\Martin\AppData\Roaming\npm-cache\geena\0.0.8-p6\package
179 verbose lock C:\Users\Martin\AppData\Roaming\npm-cache\geena\0.0.8-p6\package C:\Users\Martin\AppData\Roaming\npm-cache\5ee893cc-npm-cache-geena-0-0-8-p6-package.lock
180 silly lockFile 5ee893cc-npm-cache-geena-0-0-8-p6-package C:\Users\Martin\AppData\Roaming\npm-cache\geena\0.0.8-p6\package
181 silly lockFile 5ee893cc-npm-cache-geena-0-0-8-p6-package C:\Users\Martin\AppData\Roaming\npm-cache\geena\0.0.8-p6\package
182 verbose tar unpack C:\Users\Martin\AppData\Roaming\npm-cache\geena\0.0.8-p6\package.tgz
183 silly lockFile d0b6102d-npm-cache-geena-0-0-8-p6-package tar://C:\Users\Martin\AppData\Roaming\npm-cache\geena\0.0.8-p6\package
184 verbose lock tar://C:\Users\Martin\AppData\Roaming\npm-cache\geena\0.0.8-p6\package C:\Users\Martin\AppData\Roaming\npm-cache\d0b6102d-npm-cache-geena-0-0-8-p6-package.lock
185 silly lockFile 3b32e471-cache-geena-0-0-8-p6-package-tgz tar://C:\Users\Martin\AppData\Roaming\npm-cache\geena\0.0.8-p6\package.tgz
186 verbose lock tar://C:\Users\Martin\AppData\Roaming\npm-cache\geena\0.0.8-p6\package.tgz C:\Users\Martin\AppData\Roaming\npm-cache\3b32e471-cache-geena-0-0-8-p6-package-tgz.lock
187 silly gunzTarPerm modes [ '755', '644' ]
188 silly gunzTarPerm extractEntry package.json
189 silly gunzTarPerm modified mode [ 'package.json', 438, 420 ]
190 silly gunzTarPerm extractEntry .npmignore
191 silly gunzTarPerm modified mode [ '.npmignore', 438, 420 ]
192 silly gunzTarPerm extractEntry README.md
193 silly gunzTarPerm modified mode [ 'README.md', 438, 420 ]
194 silly gunzTarPerm extractEntry LICENSE
195 silly gunzTarPerm modified mode [ 'LICENSE', 438, 420 ]
196 silly gunzTarPerm extractEntry .gitmodules
197 silly gunzTarPerm modified mode [ '.gitmodules', 438, 420 ]
198 silly gunzTarPerm extractEntry AUTHORS
199 silly gunzTarPerm modified mode [ 'AUTHORS', 438, 420 ]
200 silly gunzTarPerm extractEntry core/config.js
201 silly gunzTarPerm modified mode [ 'core/config.js', 438, 420 ]
202 silly gunzTarPerm extractEntry core/session.js
203 silly gunzTarPerm modified mode [ 'core/session.js', 438, 420 ]
204 silly gunzTarPerm extractEntry core/gna.js
205 silly gunzTarPerm modified mode [ 'core/gna.js', 438, 420 ]
206 silly gunzTarPerm extractEntry core/server.js
207 silly gunzTarPerm modified mode [ 'core/server.js', 438, 420 ]
208 silly gunzTarPerm extractEntry core/controller.js
209 silly gunzTarPerm modified mode [ 'core/controller.js', 438, 420 ]
210 silly gunzTarPerm extractEntry core/router.js
211 silly gunzTarPerm modified mode [ 'core/router.js', 438, 420 ]
212 silly gunzTarPerm extractEntry core/router.child.js
213 silly gunzTarPerm modified mode [ 'core/router.child.js', 438, 420 ]
214 silly gunzTarPerm extractEntry core/model/entity.js
215 silly gunzTarPerm modified mode [ 'core/model/entity.js', 438, 420 ]
216 silly gunzTarPerm extractEntry core/model/index.js
217 silly gunzTarPerm modified mode [ 'core/model/index.js', 438, 420 ]
218 silly gunzTarPerm extractEntry core/model/template/entityFactory.js
219 silly gunzTarPerm modified mode [ 'core/model/template/entityFactory.js', 438, 420 ]
220 silly gunzTarPerm extractEntry core/model/template/index.js
221 silly gunzTarPerm modified mode [ 'core/model/template/index.js', 438, 420 ]
222 silly gunzTarPerm extractEntry core/dev/index.js
223 silly gunzTarPerm modified mode [ 'core/dev/index.js', 438, 420 ]
224 silly gunzTarPerm extractEntry core/dev/lib/class.js
225 silly gunzTarPerm modified mode [ 'core/dev/lib/class.js', 438, 420 ]
226 silly gunzTarPerm extractEntry core/dev/lib/factory.js
227 silly gunzTarPerm modified mode [ 'core/dev/lib/factory.js', 438, 420 ]
228 silly gunzTarPerm extractEntry core/dev/lib/tools.js
229 silly gunzTarPerm modified mode [ 'core/dev/lib/tools.js', 438, 420 ]
230 silly gunzTarPerm extractEntry core/template/command/geena.bat.tpl
231 silly gunzTarPerm modified mode [ 'core/template/command/geena.bat.tpl', 438, 420 ]
232 silly gunzTarPerm extractEntry core/template/command/geena.tpl
233 silly gunzTarPerm modified mode [ 'core/template/command/geena.tpl', 438, 420 ]
234 silly gunzTarPerm extractEntry core/template/conf/env.json
235 silly gunzTarPerm modified mode [ 'core/template/conf/env.json', 438, 420 ]
236 silly gunzTarPerm extractEntry core/template/conf/project.json
237 silly gunzTarPerm modified mode [ 'core/template/conf/project.json', 438, 420 ]
238 silly gunzTarPerm extractEntry core/template/error/client/json/401.json
239 silly gunzTarPerm modified mode [ 'core/template/error/client/json/401.json', 438, 420 ]
240 silly gunzTarPerm extractEntry core/template/error/client/json/403.json
241 silly gunzTarPerm modified mode [ 'core/template/error/client/json/403.json', 438, 420 ]
242 silly gunzTarPerm extractEntry core/template/error/client/json/404.json
243 silly gunzTarPerm modified mode [ 'core/template/error/client/json/404.json', 438, 420 ]
244 silly gunzTarPerm extractEntry core/template/error/server/html/50x.html
245 silly gunzTarPerm modified mode [ 'core/template/error/server/html/50x.html', 438, 420 ]
246 silly gunzTarPerm extractEntry core/template/error/server/json/500.json
247 silly gunzTarPerm modified mode [ 'core/template/error/server/json/500.json', 438, 420 ]
248 silly gunzTarPerm extractEntry core/template/error/server/json/503.json
249 silly gunzTarPerm modified mode [ 'core/template/error/server/json/503.json', 438, 420 ]
250 silly gunzTarPerm extractEntry core/template/structure/bundle.app.json
251 silly gunzTarPerm modified mode [ 'core/template/structure/bundle.app.json', 438, 420 ]
252 silly gunzTarPerm extractEntry core/template/structure/bundle.blog.json
253 silly gunzTarPerm modified mode [ 'core/template/structure/bundle.blog.json', 438, 420 ]
254 silly gunzTarPerm extractEntry core/template/structure/bundle.ws.json
255 silly gunzTarPerm modified mode [ 'core/template/structure/bundle.ws.json', 438, 420 ]
256 silly gunzTarPerm extractEntry core/template/structure/folders.json
257 silly gunzTarPerm modified mode [ 'core/template/structure/folders.json', 438, 420 ]
258 silly gunzTarPerm extractEntry core/template/structure/project.json
259 silly gunzTarPerm modified mode [ 'core/template/structure/project.json', 438, 420 ]
260 silly gunzTarPerm extractEntry core/utils/index.js
261 silly gunzTarPerm modified mode [ 'core/utils/index.js', 438, 420 ]
262 silly gunzTarPerm extractEntry core/utils/lib/config.js
263 silly gunzTarPerm modified mode [ 'core/utils/lib/config.js', 438, 420 ]
264 silly gunzTarPerm extractEntry core/utils/lib/extend.js
265 silly gunzTarPerm modified mode [ 'core/utils/lib/extend.js', 438, 420 ]
266 silly gunzTarPerm extractEntry core/utils/lib/logger.js
267 silly gunzTarPerm modified mode [ 'core/utils/lib/logger.js', 438, 420 ]
268 silly gunzTarPerm extractEntry core/utils/lib/proc.js
269 silly gunzTarPerm modified mode [ 'core/utils/lib/proc.js', 438, 420 ]
270 silly gunzTarPerm extractEntry core/utils/lib/ssi.js
271 silly gunzTarPerm modified mode [ 'core/utils/lib/ssi.js', 438, 420 ]
272 silly gunzTarPerm extractEntry core/utils/lib/cmd/app.js
273 silly gunzTarPerm modified mode [ 'core/utils/lib/cmd/app.js', 438, 420 ]
274 silly gunzTarPerm extractEntry core/utils/lib/cmd/app.old.js
275 silly gunzTarPerm modified mode [ 'core/utils/lib/cmd/app.old.js', 438, 420 ]
276 silly gunzTarPerm extractEntry core/utils/lib/cmd/index.js
277 silly gunzTarPerm modified mode [ 'core/utils/lib/cmd/index.js', 438, 420 ]
278 silly gunzTarPerm extractEntry core/utils/lib/cmd/basic.js
279 silly gunzTarPerm modified mode [ 'core/utils/lib/cmd/basic.js', 438, 420 ]
280 silly gunzTarPerm extractEntry core/utils/lib/cmd/geena-add-bundle.js
281 silly gunzTarPerm modified mode [ 'core/utils/lib/cmd/geena-add-bundle.js', 438, 420 ]
282 silly gunzTarPerm extractEntry core/utils/lib/cmd/geena-build.js
283 silly gunzTarPerm modified mode [ 'core/utils/lib/cmd/geena-build.js', 438, 420 ]
284 silly gunzTarPerm extractEntry core/utils/lib/cmd/app.new.js
285 silly gunzTarPerm modified mode [ 'core/utils/lib/cmd/app.new.js', 438, 420 ]
286 silly gunzTarPerm extractEntry core/utils/lib/cmd/geena-init-project.js
287 silly gunzTarPerm modified mode [ 'core/utils/lib/cmd/geena-init-project.js', 438, 420 ]
288 silly gunzTarPerm extractEntry core/utils/lib/cmd/geena-start-bundle.js
289 silly gunzTarPerm modified mode [ 'core/utils/lib/cmd/geena-start-bundle.js', 438, 420 ]
290 silly gunzTarPerm extractEntry core/utils/lib/cmd/geena-start.js
291 silly gunzTarPerm modified mode [ 'core/utils/lib/cmd/geena-start.js', 438, 420 ]
292 silly gunzTarPerm extractEntry core/utils/lib/cmd/project.js
293 silly gunzTarPerm modified mode [ 'core/utils/lib/cmd/project.js', 438, 420 ]
294 silly gunzTarPerm extractEntry core/utils/lib/cmd/geena-clean.js
295 silly gunzTarPerm modified mode [ 'core/utils/lib/cmd/geena-clean.js', 438, 420 ]
296 silly gunzTarPerm extractEntry core/utils/lib/cmd/basic.help.txt
297 silly gunzTarPerm modified mode [ 'core/utils/lib/cmd/basic.help.txt', 438, 420 ]
298 silly gunzTarPerm extractEntry core/utils/lib/cmd/msg.json
299 silly gunzTarPerm modified mode [ 'core/utils/lib/cmd/msg.json', 438, 420 ]
300 silly gunzTarPerm extractEntry core/utils/lib/databases/databases.couchbase.js
301 silly gunzTarPerm modified mode [ 'core/utils/lib/databases/databases.couchbase.js', 438, 420 ]
302 silly gunzTarPerm extractEntry core/utils/lib/databases/databases.js
303 silly gunzTarPerm modified mode [ 'core/utils/lib/databases/databases.js', 438, 420 ]
304 silly gunzTarPerm extractEntry core/utils/lib/generator/index.js
305 silly gunzTarPerm modified mode [ 'core/utils/lib/generator/index.js', 438, 420 ]
306 silly gunzTarPerm extractEntry core/utils/lib/helpers/console.js
307 silly gunzTarPerm modified mode [ 'core/utils/lib/helpers/console.js', 438, 420 ]
308 silly gunzTarPerm extractEntry core/utils/lib/helpers/context.js
309 silly gunzTarPerm modified mode [ 'core/utils/lib/helpers/context.js', 438, 420 ]
310 silly gunzTarPerm extractEntry core/utils/lib/helpers/index.js
311 silly gunzTarPerm modified mode [ 'core/utils/lib/helpers/index.js', 438, 420 ]
312 silly gunzTarPerm extractEntry core/utils/lib/helpers/path.js
313 silly gunzTarPerm modified mode [ 'core/utils/lib/helpers/path.js', 438, 420 ]
314 silly gunzTarPerm extractEntry core/utils/lib/helpers/text.js
315 silly gunzTarPerm modified mode [ 'core/utils/lib/helpers/text.js', 438, 420 ]
316 silly gunzTarPerm extractEntry script/post_install.js
317 silly gunzTarPerm modified mode [ 'script/post_install.js', 438, 420 ]
318 silly gunzTarPerm extractEntry script/pre_publish.js
319 silly gunzTarPerm modified mode [ 'script/pre_publish.js', 438, 420 ]
320 silly gunzTarPerm extractEntry VERSION
321 silly gunzTarPerm modified mode [ 'VERSION', 438, 420 ]
322 silly lockFile d0b6102d-npm-cache-geena-0-0-8-p6-package tar://C:\Users\Martin\AppData\Roaming\npm-cache\geena\0.0.8-p6\package
323 silly lockFile d0b6102d-npm-cache-geena-0-0-8-p6-package tar://C:\Users\Martin\AppData\Roaming\npm-cache\geena\0.0.8-p6\package
324 silly lockFile 3b32e471-cache-geena-0-0-8-p6-package-tgz tar://C:\Users\Martin\AppData\Roaming\npm-cache\geena\0.0.8-p6\package.tgz
325 silly lockFile 3b32e471-cache-geena-0-0-8-p6-package-tgz tar://C:\Users\Martin\AppData\Roaming\npm-cache\geena\0.0.8-p6\package.tgz
326 verbose chmod C:\Users\Martin\AppData\Roaming\npm-cache\geena\0.0.8-p6\package.tgz 644
327 silly chown skipping for windows C:\Users\Martin\AppData\Roaming\npm-cache\geena\0.0.8-p6\package.tgz
328 silly lockFile 3a52ce78- .
329 silly lockFile 3a52ce78- .
330 silly publish { name: 'geena',
330 silly publish   description: 'MVC Framework for Node. The project is still in development.',
330 silly publish   keywords:
330 silly publish    [ 'framework',
330 silly publish      'micro framework',
330 silly publish      'mvc',
330 silly publish      'mvc framework',
330 silly publish      'geena',
330 silly publish      'geenajs',
330 silly publish      'geena project',
330 silly publish      'geena js' ],
330 silly publish   version: '0.0.8-p6',
330 silly publish   repository: { type: 'git', url: 'https://github.com/Rhinostone/geena.git' },
330 silly publish   author: { name: 'Rhinostone', email: 'geena@rhinosotne.com' },
330 silly publish   copyright: 'Copyright (c) 2009-2014 Rhinostone <geena@rhinostone.com>',
330 silly publish   dependencies: { colors: '', express: '3.x', winston: '0.7.2' },
330 silly publish   engine: [ 'node >=0.22' ],
330 silly publish   main: 'core/gna',
330 silly publish   devDependencies: {},
330 silly publish   scripts:
330 silly publish    { postinstall: 'node script/post_install.js',
330 silly publish      test: 'echo "Error: no test specified" && exit 1' },
330 silly publish   license: 'MIT',
330 silly publish   readme: '# geena\n\n[Geena Project](http://www.geena-project.com/) MVC Framework for [Node](http://nodejs.org/).\n\nYou can install this module using [npm](http://github.com/isaacs/npm):\n\n    npm install geena\n\n## License (MIT)\n\nCopyright (c) 2009-2014 [Rhinostone](http://www.rhinostone.com/) [<geena@rhinostone.com>]\n\nPermission is hereby granted, free of charge, to any person obtaining a copy\nof this software and associated documentation files (the "Software"), to deal\nin the Software without restriction, including without limitation the rights\nto use, copy, modify, merge, publish, distribute, sublicense, and/or sell\ncopies of the Software, and to permit persons to whom the Software is\nfurnished to do so, subject to the following conditions:\n\nThe above copyright notice and this permission notice shall be included in\nall copies or substantial portions of the Software.\n\nTHE SOFTWARE IS PROVIDED "AS IS", WITHOUT WARRANTY OF ANY KIND, EXPRESS OR\nIMPLIED, INCLUDING BUT NOT LIMITED TO THE WARRANTIES OF MERCHANTABILITY,\nFITNESS FOR A PARTICULAR PURPOSE AND NONINFRINGEMENT. IN NO EVENT SHALL THE\nAUTHORS OR COPYRIGHT HOLDERS BE LIABLE FOR ANY CLAIM, DAMAGES OR OTHER\nLIABILITY, WHETHER IN AN ACTION OF CONTRACT, TORT OR OTHERWISE, ARISING FROM,\nOUT OF OR IN CONNECTION WITH THE SOFTWARE OR THE USE OR OTHER DEALINGS IN\nTHE SOFTWARE.\n',
330 silly publish   readmeFilename: 'README.md',
330 silly publish   contributors:
330 silly publish    [ { name: 'Arnaud GERRAS', email: 'arnaudgs@gmail.com' },
330 silly publish      { name: 'Kevin LEFEVRE', email: 'lefevre.kevin94@gmail.com' },
330 silly publish      { name: 'Martin Luther ETOUMAN',
330 silly publish        email: 'm.etouman@rhinostone.com' },
330 silly publish      { name: 'Samori GORCE', email: 'samorigorse@gmail.com' },
330 silly publish      { name: 'Stephane HEAV', email: 'stephane.heav@gmail.com' } ],
330 silly publish   bugs: { url: 'https://github.com/Rhinostone/geena/issues' },
330 silly publish   homepage: 'https://github.com/Rhinostone/geena',
330 silly publish   _id: 'geena@0.0.8-p6',
330 silly publish   dist: { shasum: '770a883b974ef7fac5ca9687eed26db27884832c' },
330 silly publish   _from: '.' }
331 verbose url raw geena
332 verbose url resolving [ 'https://registry.npmjs.org/', './geena' ]
333 verbose url resolved https://registry.npmjs.org/geena
334 error publish Failed PUT undefined
335 error network connect ETIMEDOUT
335 error network This is most likely not a problem with npm itself
335 error network and is related to network connectivity.
335 error network In most cases you are behind a proxy or have bad network settings.
335 error network
335 error network If you are behind a proxy, please make sure that the
335 error network 'proxy' config is set properly.  See: 'npm help config'
336 error System Windows_NT 6.2.9200
337 error command "C:\\Program Files\\nodejs\\\\node.exe" "C:\\Program Files\\nodejs\\node_modules\\npm\\bin\\npm-cli.js" "publish"
338 error cwd c:\var\www\etap\agent\node_modules\geena
339 error node -v v0.10.24
340 error npm -v 1.3.24
341 error syscall connect
342 error code ETIMEDOUT
343 error errno ETIMEDOUT
344 verbose exit [ 1, true ]
